<?xml version="1.0" encoding="UTF-8"?>
<testng-results skipped="0" failed="0" ignored="0" total="1" passed="1">
  <reporter-output>
  </reporter-output>
  <suite name="Default suite" duration-ms="37" started-at="2018-10-09T02:56:27Z" finished-at="2018-10-09T02:56:27Z">
    <groups>
    </groups>
    <test name="Default test" duration-ms="37" started-at="2018-10-09T02:56:27Z" finished-at="2018-10-09T02:56:27Z">
      <class name="pkgTest.TestEclipseGitHub">
        <test-method status="PASS" signature="test()[pri:0, instance:pkgTest.TestEclipseGitHub@100fc185]" name="test" duration-ms="8" started-at="2018-10-09T02:56:27Z" finished-at="2018-10-09T02:56:27Z">
          <reporter-output>
          </reporter-output>
        </test-method> <!-- test -->
      </class> <!-- pkgTest.TestEclipseGitHub -->
    </test> <!-- Default test -->
  </suite> <!-- Default suite -->
</testng-results>
